[GIN-debug] [WARNING] Creating an Engine instance with the Logger and Recovery middleware already attached.

[GIN-debug] [WARNING] Running in "debug" mode. Switch to "release" mode in production.
 - using env:	export GIN_MODE=release
 - using code:	gin.SetMode(gin.ReleaseMode)

[GIN-debug] GET    /                         --> github.com/aasumitro/posbe/internal/_default/handler/http.httpHandler.home-fm (3 handlers)
[GIN-debug] GET    /ping                     --> github.com/aasumitro/posbe/internal/_default/handler/http.httpHandler.ping-fm (3 handlers)
[GIN-debug] GET    /docs/*any                --> github.com/swaggo/gin-swagger.CustomWrapHandler.func1 (3 handlers)
[GIN-debug] POST   /v1/login                 --> github.com/aasumitro/posbe/internal/account/handler/http.AuthHandler.login-fm (3 handlers)
[GIN-debug] POST   /v1/logout                --> github.com/aasumitro/posbe/internal/account/handler/http.AuthHandler.logout-fm (4 handlers)
[GIN-debug] GET    /v1/roles                 --> github.com/aasumitro/posbe/internal/account/handler/http.roleHandler.fetch-fm (6 handlers)
[GIN-debug] POST   /v1/roles                 --> github.com/aasumitro/posbe/internal/account/handler/http.roleHandler.store-fm (7 handlers)
[GIN-debug] PUT    /v1/roles/:id             --> github.com/aasumitro/posbe/internal/account/handler/http.roleHandler.update-fm (7 handlers)
[GIN-debug] DELETE /v1/roles/:id             --> github.com/aasumitro/posbe/internal/account/handler/http.roleHandler.destroy-fm (7 handlers)
[GIN-debug] GET    /v1/users                 --> github.com/aasumitro/posbe/internal/account/handler/http.userHandler.fetch-fm (7 handlers)
[GIN-debug] GET    /v1/users/:id             --> github.com/aasumitro/posbe/internal/account/handler/http.userHandler.show-fm (7 handlers)
[GIN-debug] POST   /v1/users                 --> github.com/aasumitro/posbe/internal/account/handler/http.userHandler.store-fm (8 handlers)
[GIN-debug] PUT    /v1/users/:id             --> github.com/aasumitro/posbe/internal/account/handler/http.userHandler.update-fm (8 handlers)
[GIN-debug] DELETE /v1/users/:id             --> github.com/aasumitro/posbe/internal/account/handler/http.userHandler.destroy-fm (8 handlers)
[GIN-debug] GET    /v1/floors/:join          --> github.com/aasumitro/posbe/internal/store/handler/http.floorHandler.floorsWith-fm (5 handlers)
[GIN-debug] GET    /v1/floors                --> github.com/aasumitro/posbe/internal/store/handler/http.floorHandler.fetch-fm (5 handlers)
[GIN-debug] POST   /v1/floors                --> github.com/aasumitro/posbe/internal/store/handler/http.floorHandler.store-fm (5 handlers)
[GIN-debug] PUT    /v1/floors/:id            --> github.com/aasumitro/posbe/internal/store/handler/http.floorHandler.update-fm (5 handlers)
[GIN-debug] DELETE /v1/floors/:id            --> github.com/aasumitro/posbe/internal/store/handler/http.floorHandler.destroy-fm (5 handlers)
[GIN-debug] GET    /v1/tables                --> github.com/aasumitro/posbe/internal/store/handler/http.tableHandler.fetch-fm (5 handlers)
[GIN-debug] POST   /v1/tables                --> github.com/aasumitro/posbe/internal/store/handler/http.tableHandler.store-fm (5 handlers)
[GIN-debug] PUT    /v1/tables/:id            --> github.com/aasumitro/posbe/internal/store/handler/http.tableHandler.update-fm (5 handlers)
[GIN-debug] DELETE /v1/tables/:id            --> github.com/aasumitro/posbe/internal/store/handler/http.tableHandler.destroy-fm (5 handlers)
[GIN-debug] GET    /v1/rooms                 --> github.com/aasumitro/posbe/internal/store/handler/http.roomHandler.fetch-fm (5 handlers)
[GIN-debug] POST   /v1/rooms                 --> github.com/aasumitro/posbe/internal/store/handler/http.roomHandler.store-fm (5 handlers)
[GIN-debug] PUT    /v1/rooms/:id             --> github.com/aasumitro/posbe/internal/store/handler/http.roomHandler.update-fm (5 handlers)
[GIN-debug] DELETE /v1/rooms/:id             --> github.com/aasumitro/posbe/internal/store/handler/http.roomHandler.destroy-fm (5 handlers)
[GIN-debug] GET    /v1/store/prefs           --> github.com/aasumitro/posbe/internal/store/handler/http.storePrefHandler.fetch-fm (5 handlers)
[GIN-debug] PUT    /v1/store/prefs           --> github.com/aasumitro/posbe/internal/store/handler/http.storePrefHandler.update-fm (5 handlers)
[GIN-debug] GET    /v1/units                 --> github.com/aasumitro/posbe/internal/catalog/handler/http.unitHandler.fetch-fm (5 handlers)
[GIN-debug] POST   /v1/units                 --> github.com/aasumitro/posbe/internal/catalog/handler/http.unitHandler.store-fm (5 handlers)
[GIN-debug] PUT    /v1/units/:id             --> github.com/aasumitro/posbe/internal/catalog/handler/http.unitHandler.update-fm (5 handlers)
[GIN-debug] DELETE /v1/units/:id             --> github.com/aasumitro/posbe/internal/catalog/handler/http.unitHandler.destroy-fm (5 handlers)
[GIN-debug] GET    /v1/categories            --> github.com/aasumitro/posbe/internal/catalog/handler/http.categoryHandler.fetch-fm (5 handlers)
[GIN-debug] POST   /v1/categories            --> github.com/aasumitro/posbe/internal/catalog/handler/http.categoryHandler.store-fm (5 handlers)
[GIN-debug] PUT    /v1/categories/:id        --> github.com/aasumitro/posbe/internal/catalog/handler/http.categoryHandler.update-fm (5 handlers)
[GIN-debug] DELETE /v1/categories/:id        --> github.com/aasumitro/posbe/internal/catalog/handler/http.categoryHandler.destroy-fm (5 handlers)
[GIN-debug] GET    /v1/subcategories         --> github.com/aasumitro/posbe/internal/catalog/handler/http.subcategoryHandler.fetch-fm (5 handlers)
[GIN-debug] POST   /v1/subcategories         --> github.com/aasumitro/posbe/internal/catalog/handler/http.subcategoryHandler.store-fm (5 handlers)
[GIN-debug] PUT    /v1/subcategories/:id     --> github.com/aasumitro/posbe/internal/catalog/handler/http.subcategoryHandler.update-fm (5 handlers)
[GIN-debug] DELETE /v1/subcategories/:id     --> github.com/aasumitro/posbe/internal/catalog/handler/http.subcategoryHandler.destroy-fm (5 handlers)
[GIN-debug] GET    /v1/addons                --> github.com/aasumitro/posbe/internal/catalog/handler/http.addonHandler.fetch-fm (5 handlers)
[GIN-debug] POST   /v1/addons                --> github.com/aasumitro/posbe/internal/catalog/handler/http.addonHandler.store-fm (5 handlers)
[GIN-debug] PUT    /v1/addons/:id            --> github.com/aasumitro/posbe/internal/catalog/handler/http.addonHandler.update-fm (5 handlers)
[GIN-debug] DELETE /v1/addons/:id            --> github.com/aasumitro/posbe/internal/catalog/handler/http.addonHandler.destroy-fm (5 handlers)
[GIN-debug] POST   /v1/products/variants     --> github.com/aasumitro/posbe/internal/catalog/handler/http.variantHandler.store-fm (5 handlers)
[GIN-debug] PUT    /v1/products/variants/:id --> github.com/aasumitro/posbe/internal/catalog/handler/http.variantHandler.update-fm (5 handlers)
[GIN-debug] DELETE /v1/products/variants/:id --> github.com/aasumitro/posbe/internal/catalog/handler/http.variantHandler.destroy-fm (5 handlers)
[GIN-debug] [WARNING] You trusted all proxies, this is NOT safe. We recommend you to set a value.
Please check https://pkg.go.dev/github.com/gin-gonic/gin#readme-don-t-trust-all-proxies for details.
[GIN-debug] Listening and serving HTTP on localhost:8000
[GIN] 2023/02/21 - 23:03:03 | 200 |      553.25µs |       127.0.0.1 | GET      "/docs/index.html"
[GIN] 2023/02/21 - 23:03:03 | 200 |     412.167µs |       127.0.0.1 | GET      "/docs/swagger-ui.css"
[GIN] 2023/02/21 - 23:03:03 | 200 |     487.708µs |       127.0.0.1 | GET      "/docs/swagger-ui-standalone-preset.js"
[GIN] 2023/02/21 - 23:03:03 | 200 |    1.822167ms |       127.0.0.1 | GET      "/docs/swagger-ui-bundle.js"
[GIN] 2023/02/21 - 23:03:04 | 200 |     811.083µs |       127.0.0.1 | GET      "/docs/doc.json"
[GIN] 2023/02/21 - 23:03:04 | 200 |      76.375µs |       127.0.0.1 | GET      "/docs/favicon-32x32.png"
